dejanssenandroidgsoplan/build/outputs/logs/manifest-merger-debug-report.txt
-- Merging decision tree log ---
manifest
ADDED from src\main\AndroidManifest.xml:2:1-107:12
	package
		ADDED from src\main\AndroidManifest.xml:3:5-41
		INJECTED from src\main\AndroidManifest.xml
		INJECTED from src\main\AndroidManifest.xml
	android:versionName
		ADDED from src\main\AndroidManifest.xml:5:5-31
		INJECTED from src\main\AndroidManifest.xml
		INJECTED from src\main\AndroidManifest.xml
	android:versionCode
		ADDED from src\main\AndroidManifest.xml:4:5-29
		INJECTED from src\main\AndroidManifest.xml
		INJECTED from src\main\AndroidManifest.xml
	xmlns:android
		ADDED from src\main\AndroidManifest.xml:2:11-69
uses-sdk
ADDED from src\main\AndroidManifest.xml:8:5-10:41
MERGED from [GSO-App:library:unspecified] AndroidManifest.xml:7:5-9:41
MERGED from [com.android.support:support-v4:24.2.1] AndroidManifest.xml:21:5-23:54
MERGED from [com.android.support:support-compat:24.2.1] AndroidManifest.xml:21:5-23:58
MERGED from [com.android.support:support-media-compat:24.2.1] AndroidManifest.xml:21:5-23:63
MERGED from [com.android.support:support-core-utils:24.2.1] AndroidManifest.xml:21:5-23:61
MERGED from [com.android.support:support-core-ui:24.2.1] AndroidManifest.xml:21:5-23:58
MERGED from [com.android.support:support-fragment:24.2.1] AndroidManifest.xml:21:5-23:60
	tools:overrideLibrary
		ADDED from [com.android.support:support-v4:24.2.1] AndroidManifest.xml:23:9-51
	android:targetSdkVersion
		ADDED from src\main\AndroidManifest.xml:10:9-38
		INJECTED from src\main\AndroidManifest.xml
		INJECTED from src\main\AndroidManifest.xml
	android:minSdkVersion
		ADDED from src\main\AndroidManifest.xml:9:9-35
		INJECTED from src\main\AndroidManifest.xml
		INJECTED from src\main\AndroidManifest.xml
uses-permission#android.permission.INTERNET
ADDED from src\main\AndroidManifest.xml:12:5-67
	android:name
		ADDED from src\main\AndroidManifest.xml:12:22-64
uses-permission#android.permission.ACCESS_NETWORK_STATE
ADDED from src\main\AndroidManifest.xml:13:5-79
	android:name
		ADDED from src\main\AndroidManifest.xml:13:22-76
uses-permission#android.permission.WRITE_EXTERNAL_STORAGE
ADDED from src\main\AndroidManifest.xml:15:5-81
	android:name
		ADDED from src\main\AndroidManifest.xml:15:22-78
uses-permission#android.permission.ACCESS_WIFI_STATE
ADDED from src\main\AndroidManifest.xml:16:5-76
	android:name
		ADDED from src\main\AndroidManifest.xml:16:22-73
uses-permission#android.permission.VIBRATE
ADDED from src\main\AndroidManifest.xml:17:5-66
	android:name
		ADDED from src\main\AndroidManifest.xml:17:22-63
uses-permission#android.permission.RECEIVE_BOOT_COMPLETED
ADDED from src\main\AndroidManifest.xml:18:5-81
	android:name
		ADDED from src\main\AndroidManifest.xml:18:22-78
application
ADDED from src\main\AndroidManifest.xml:20:5-105:19
MERGED from [com.android.support:support-v4:24.2.1] AndroidManifest.xml:25:5-20
MERGED from [com.android.support:support-compat:24.2.1] AndroidManifest.xml:25:5-20
MERGED from [com.android.support:support-media-compat:24.2.1] AndroidManifest.xml:25:5-20
MERGED from [com.android.support:support-core-utils:24.2.1] AndroidManifest.xml:25:5-20
MERGED from [com.android.support:support-core-ui:24.2.1] AndroidManifest.xml:25:5-20
MERGED from [com.android.support:support-fragment:24.2.1] AndroidManifest.xml:25:5-20
	android:label
		ADDED from src\main\AndroidManifest.xml:23:9-41
	android:allowBackup
		ADDED from src\main\AndroidManifest.xml:21:9-35
	android:icon
		ADDED from src\main\AndroidManifest.xml:22:9-45
	android:theme
		ADDED from src\main\AndroidManifest.xml:24:9-51
service#de.janssen.android.gsoplan.service.AlarmStarter
ADDED from src\main\AndroidManifest.xml:25:9-29:19
	android:label
		ADDED from src\main\AndroidManifest.xml:28:13-45
	android:icon
		ADDED from src\main\AndroidManifest.xml:27:13-49
	android:name
		ADDED from src\main\AndroidManifest.xml:26:13-75
service#de.janssen.android.gsoplan.service.MyService
ADDED from src\main\AndroidManifest.xml:30:9-34:19
	android:label
		ADDED from src\main\AndroidManifest.xml:33:13-45
	android:icon
		ADDED from src\main\AndroidManifest.xml:32:13-49
	android:name
		ADDED from src\main\AndroidManifest.xml:31:13-72
service#de.janssen.android.gsoplan.service.MuteService
ADDED from src\main\AndroidManifest.xml:35:9-39:19
	android:label
		ADDED from src\main\AndroidManifest.xml:38:13-45
	android:icon
		ADDED from src\main\AndroidManifest.xml:37:13-49
	android:name
		ADDED from src\main\AndroidManifest.xml:36:13-74
service#de.janssen.android.gsoplan.service.UnMuteService
ADDED from src\main\AndroidManifest.xml:40:3-44:19
	android:label
		ADDED from src\main\AndroidManifest.xml:43:13-45
	android:icon
		ADDED from src\main\AndroidManifest.xml:42:13-49
	android:name
		ADDED from src\main\AndroidManifest.xml:41:13-76
service#de.janssen.android.gsoplan.service.AutomuteService
ADDED from src\main\AndroidManifest.xml:45:9-49:19
	android:label
		ADDED from src\main\AndroidManifest.xml:48:13-45
	android:icon
		ADDED from src\main\AndroidManifest.xml:47:13-49
	android:name
		ADDED from src\main\AndroidManifest.xml:46:13-78
receiver#de.janssen.android.gsoplan.service.SystemStartService
ADDED from src\main\AndroidManifest.xml:50:9-54:20
	android:name
		ADDED from src\main\AndroidManifest.xml:50:19-87
intent-filter#android.intent.action.BOOT_COMPLETED
ADDED from src\main\AndroidManifest.xml:51:13-53:29
action#android.intent.action.BOOT_COMPLETED
ADDED from src\main\AndroidManifest.xml:52:17-79
	android:name
		ADDED from src\main\AndroidManifest.xml:52:25-76
activity#de.janssen.android.gsoplan.activities.MainActivity
ADDED from src\main\AndroidManifest.xml:56:9-65:20
	android:label
		ADDED from src\main\AndroidManifest.xml:59:13-45
	android:configChanges
		ADDED from src\main\AndroidManifest.xml:58:13-63
	android:name
		ADDED from src\main\AndroidManifest.xml:57:13-78
intent-filter#android.intent.action.MAIN+android.intent.category.LAUNCHER
ADDED from src\main\AndroidManifest.xml:60:13-64:29
action#android.intent.action.MAIN
ADDED from src\main\AndroidManifest.xml:61:17-69
	android:name
		ADDED from src\main\AndroidManifest.xml:61:25-66
category#android.intent.category.LAUNCHER
ADDED from src\main\AndroidManifest.xml:63:17-77
	android:name
		ADDED from src\main\AndroidManifest.xml:63:27-74
activity#de.janssen.android.gsoplan.activities.PlanActivity
ADDED from src\main\AndroidManifest.xml:66:9-75:20
	android:label
		ADDED from src\main\AndroidManifest.xml:69:13-56
	android:exported
		ADDED from src\main\AndroidManifest.xml:68:13-37
	android:name
		ADDED from src\main\AndroidManifest.xml:67:13-78
intent-filter#android.intent.action.VIEW+android.intent.category.DEFAULT
ADDED from src\main\AndroidManifest.xml:70:13-74:29
action#android.intent.action.VIEW
ADDED from src\main\AndroidManifest.xml:71:17-69
	android:name
		ADDED from src\main\AndroidManifest.xml:71:25-66
category#android.intent.category.DEFAULT
ADDED from src\main\AndroidManifest.xml:73:17-76
	android:name
		ADDED from src\main\AndroidManifest.xml:73:27-73
activity#de.janssen.android.gsoplan.activities.AppPreferences
ADDED from src\main\AndroidManifest.xml:76:9-87:20
	android:label
		ADDED from src\main\AndroidManifest.xml:80:13-57
	android:exported
		ADDED from src\main\AndroidManifest.xml:79:13-37
	android:configChanges
		ADDED from src\main\AndroidManifest.xml:78:13-74
	android:theme
		ADDED from src\main\AndroidManifest.xml:81:13-59
	android:name
		ADDED from src\main\AndroidManifest.xml:77:13-80
activity#de.janssen.android.gsoplan.activities.AboutGSOPlan
ADDED from src\main\AndroidManifest.xml:88:9-99:20
	android:label
		ADDED from src\main\AndroidManifest.xml:92:13-65
	android:exported
		ADDED from src\main\AndroidManifest.xml:91:13-37
	android:configChanges
		ADDED from src\main\AndroidManifest.xml:90:13-63
	android:theme
		ADDED from src\main\AndroidManifest.xml:93:13-55
	android:name
		ADDED from src\main\AndroidManifest.xml:89:13-78
activity#de.janssen.android.gsoplan.activities.ProfilActivity
ADDED from src\main\AndroidManifest.xml:100:9-104:20
	android:label
		ADDED from src\main\AndroidManifest.xml:103:13-58
	android:configChanges
		ADDED from src\main\AndroidManifest.xml:102:13-63
	android:name
		ADDED from src\main\AndroidManifest.xml:101:13-80